tomcat-http--22      2016-01-06 13:35:39,708 ERROR [com.ihg.naming.service.growth.GrowthUserSearchFallbackImpl] Error retrieving growth user from growth REST
com.ihg.growth.services.hotel.services.HotelException: org.springframework.jdbc.CannotGetJdbcConnectionException: Could not get JDBC Connection; nested exception is org.apache.tomcat.jdbc.pool.PoolExhaustedException: [tomcat-http--11] Timeout: Pool empty. Unable to fetch a connection in 30 seconds, none available[size:20; busy:0; idle:0; lastwait:30000].
	at sun.reflect.NativeConstructorAccessorImpl.newInstance0(Native Method) ~[?:1.8.0_40]
	at sun.reflect.NativeConstructorAccessorImpl.newInstance(NativeConstructorAccessorImpl.java:62) ~[?:1.8.0_40]
	at sun.reflect.DelegatingConstructorAccessorImpl.newInstance(DelegatingConstructorAccessorImpl.java:45) ~[?:1.8.0_40]
	at java.lang.reflect.Constructor.newInstance(Constructor.java:422) ~[?:1.8.0_40]
	at org.apache.cxf.interceptor.ClientFaultConverter.processFaultDetail(ClientFaultConverter.java:176) ~[cxf-api-2.7.8.jar:2.7.8]
	at org.apache.cxf.interceptor.ClientFaultConverter.handleMessage(ClientFaultConverter.java:79) ~[cxf-api-2.7.8.jar:2.7.8]
	at org.apache.cxf.phase.PhaseInterceptorChain.doIntercept(PhaseInterceptorChain.java:272) ~[cxf-api-2.7.8.jar:2.7.8]
	at org.apache.cxf.interceptor.AbstractFaultChainInitiatorObserver.onMessage(AbstractFaultChainInitiatorObserver.java:113) ~[cxf-api-2.7.8.jar:2.7.8]
	at org.apache.cxf.binding.soap.interceptor.CheckFaultInterceptor.handleMessage(CheckFaultInterceptor.java:69) ~[cxf-rt-bindings-soap-2.7.8.jar:2.7.8]
	at org.apache.cxf.binding.soap.interceptor.CheckFaultInterceptor.handleMessage(CheckFaultInterceptor.java:34) ~[cxf-rt-bindings-soap-2.7.8.jar:2.7.8]
	at org.apache.cxf.phase.PhaseInterceptorChain.doIntercept(PhaseInterceptorChain.java:272) ~[cxf-api-2.7.8.jar:2.7.8]
	at org.apache.cxf.endpoint.ClientImpl.onMessage(ClientImpl.java:835) ~[cxf-api-2.7.8.jar:2.7.8]
	at org.apache.cxf.transport.http.HTTPConduit$WrappedOutputStream.handleResponseInternal(HTTPConduit.java:1612) ~[cxf-rt-transports-http-2.7.8.jar:2.7.8]
	at org.apache.cxf.transport.http.HTTPConduit$WrappedOutputStream.handleResponse(HTTPConduit.java:1503) ~[cxf-rt-transports-http-2.7.8.jar:2.7.8]
	at org.apache.cxf.transport.http.HTTPConduit$WrappedOutputStream.close(HTTPConduit.java:1310) ~[cxf-rt-transports-http-2.7.8.jar:2.7.8]
	at org.apache.cxf.transport.AbstractConduit.close(AbstractConduit.java:56) ~[cxf-api-2.7.8.jar:2.7.8]
	at org.apache.cxf.transport.http.HTTPConduit.close(HTTPConduit.java:628) ~[cxf-rt-transports-http-2.7.8.jar:2.7.8]
	at org.apache.cxf.interceptor.MessageSenderInterceptor$MessageSenderEndingInterceptor.handleMessage(MessageSenderInterceptor.java:62) ~[cxf-api-2.7.8.jar:2.7.8]
	at org.apache.cxf.phase.PhaseInterceptorChain.doIntercept(PhaseInterceptorChain.java:272) ~[cxf-api-2.7.8.jar:2.7.8]
	at org.apache.cxf.endpoint.ClientImpl.doInvoke(ClientImpl.java:565) ~[cxf-api-2.7.8.jar:2.7.8]
	at org.apache.cxf.endpoint.ClientImpl.invoke(ClientImpl.java:474) ~[cxf-api-2.7.8.jar:2.7.8]
	at org.apache.cxf.endpoint.ClientImpl.invoke(ClientImpl.java:377) ~[cxf-api-2.7.8.jar:2.7.8]
	at org.apache.cxf.endpoint.ClientImpl.invoke(ClientImpl.java:330) ~[cxf-api-2.7.8.jar:2.7.8]
	at org.apache.cxf.frontend.ClientProxy.invokeSync(ClientProxy.java:96) ~[cxf-rt-frontend-simple-2.7.8.jar:2.7.8]
	at org.apache.cxf.jaxws.JaxWsClientProxy.invoke(JaxWsClientProxy.java:135) ~[cxf-rt-frontend-jaxws-2.7.8.jar:2.7.8]
	at com.sun.proxy.$Proxy277.getUser(Unknown Source) ~[?:?]
	at com.ihg.growth.services.hotel.services.impl.UserSearchImpl.getUser(UserSearchImpl.java:61) ~[growthServices-client-1.1.jar:?]
	at com.ihg.naming.service.growth.GrowthUserSearchFallbackImpl.getUser(GrowthUserSearchFallbackImpl.java:29) [naming-service-9.46.5.jar:?]
	at com.ihg.naming.service.growth.GrowthUserSearchImpl.getUser(GrowthUserSearchImpl.java:40) [naming-service-9.46.5.jar:?]
	at com.ihg.naming.web.SecurityController.handleRequestInternal(SecurityController.java:38) [SecurityController.class:?]
	at org.springframework.web.servlet.mvc.AbstractController.handleRequest(AbstractController.java:154) [spring-webmvc-4.0.7.RELEASE.jar:4.0.7.RELEASE]
	at org.springframework.web.servlet.mvc.SimpleControllerHandlerAdapter.handle(SimpleControllerHandlerAdapter.java:50) [spring-webmvc-4.0.7.RELEASE.jar:4.0.7.RELEASE]
	at org.springframework.web.servlet.DispatcherServlet.doDispatch(DispatcherServlet.java:938) [spring-webmvc-4.0.7.RELEASE.jar:4.0.7.RELEASE]
	at org.springframework.web.servlet.DispatcherServlet.doService(DispatcherServlet.java:870) [spring-webmvc-4.0.7.RELEASE.jar:4.0.7.RELEASE]
	at org.springframework.web.servlet.FrameworkServlet.processRequest(FrameworkServlet.java:961) [spring-webmvc-4.0.7.RELEASE.jar:4.0.7.RELEASE]
	at org.springframework.web.servlet.FrameworkServlet.doGet(FrameworkServlet.java:852) [spring-webmvc-4.0.7.RELEASE.jar:4.0.7.RELEASE]
	at javax.servlet.http.HttpServlet.service(HttpServlet.java:621) [servlet-api.jar:?]
	at org.springframework.web.servlet.FrameworkServlet.service(FrameworkServlet.java:837) [spring-webmvc-4.0.7.RELEASE.jar:4.0.7.RELEASE]
	at javax.servlet.http.HttpServlet.service(HttpServlet.java:728) [servlet-api.jar:?]
	at org.apache.catalina.core.ApplicationFilterChain.internalDoFilter(ApplicationFilterChain.java:305) [catalina.jar:7.0.42.A]
	at org.apache.catalina.core.ApplicationFilterChain.doFilter(ApplicationFilterChain.java:210) [catalina.jar:7.0.42.A]
	at org.apache.catalina.core.StandardWrapperValve.invoke(StandardWrapperValve.java:222) [catalina.jar:7.0.42.A]
	at org.apache.catalina.core.StandardContextValve.invoke(StandardContextValve.java:123) [catalina.jar:7.0.42.A]
	at org.apache.catalina.authenticator.AuthenticatorBase.invoke(AuthenticatorBase.java:502) [catalina.jar:7.0.42.A]
	at org.apache.catalina.core.StandardHostValve.invoke(StandardHostValve.java:171) [catalina.jar:7.0.42.A]
	at org.apache.catalina.valves.ErrorReportValve.invoke(ErrorReportValve.java:99) [catalina.jar:7.0.42.A]
	at org.apache.catalina.valves.AccessLogValve.invoke(AccessLogValve.java:953) [catalina.jar:7.0.42.A]
	at org.apache.catalina.core.StandardEngineValve.invoke(StandardEngineValve.java:118) [catalina.jar:7.0.42.A]
	at org.apache.catalina.connector.CoyoteAdapter.service(CoyoteAdapter.java:408) [catalina.jar:7.0.42.A]
	at org.apache.coyote.http11.AbstractHttp11Processor.process(AbstractHttp11Processor.java:1023) [tomcat-coyote.jar:7.0.42.A]
	at org.apache.coyote.AbstractProtocol$AbstractConnectionHandler.process(AbstractProtocol.java:589) [tomcat-coyote.jar:7.0.42.A]
	at org.apache.tomcat.util.net.JIoEndpoint$SocketProcessor.run(JIoEndpoint.java:310) [tomcat-coyote.jar:7.0.42.A]
	at java.util.concurrent.ThreadPoolExecutor.runWorker(ThreadPoolExecutor.java:1142) [?:1.8.0_40]
	at java.util.concurrent.ThreadPoolExecutor$Worker.run(ThreadPoolExecutor.java:617) [?:1.8.0_40]
	at java.lang.Thread.run(Thread.java:745) [?:1.8.0_40]
tomcat-http--35      2016-01-06 13:35:50,526 ERROR [com.ihg.naming.service.growth.GrowthUserSearchFallbackImpl] Error retrieving growth user from growth REST
com.ihg.growth.services.hotel.services.HotelException: org.springframework.jdbc.CannotGetJdbcConnectionException: Could not get JDBC Connection; nested exception is org.apache.tomcat.jdbc.pool.PoolExhaustedException: [tomcat-http--73] Timeout: Pool empty. Unable to fetch a connection in 30 seconds, none available[size:20; busy:0; idle:0; lastwait:30000].
	at sun.reflect.NativeConstructorAccessorImpl.newInstance0(Native Method) ~[?:1.8.0_40]
	at sun.reflect.NativeConstructorAccessorImpl.newInstance(NativeConstructorAccessorImpl.java:62) ~[?:1.8.0_40]
	at sun.reflect.DelegatingConstructorAccessorImpl.newInstance(DelegatingConstructorAccessorImpl.java:45) ~[?:1.8.0_40]
	at java.lang.reflect.Constructor.newInstance(Constructor.java:422) ~[?:1.8.0_40]
	at org.apache.cxf.interceptor.ClientFaultConverter.processFaultDetail(ClientFaultConverter.java:176) ~[cxf-api-2.7.8.jar:2.7.8]
	at org.apache.cxf.interceptor.ClientFaultConverter.handleMessage(ClientFaultConverter.java:79) ~[cxf-api-2.7.8.jar:2.7.8]
	at org.apache.cxf.phase.PhaseInterceptorChain.doIntercept(PhaseInterceptorChain.java:272) ~[cxf-api-2.7.8.jar:2.7.8]
	at org.apache.cxf.interceptor.AbstractFaultChainInitiatorObserver.onMessage(AbstractFaultChainInitiatorObserver.java:113) ~[cxf-api-2.7.8.jar:2.7.8]
	at org.apache.cxf.binding.soap.interceptor.CheckFaultInterceptor.handleMessage(CheckFaultInterceptor.java:69) ~[cxf-rt-bindings-soap-2.7.8.jar:2.7.8]
	at org.apache.cxf.binding.soap.interceptor.CheckFaultInterceptor.handleMessage(CheckFaultInterceptor.java:34) ~[cxf-rt-bindings-soap-2.7.8.jar:2.7.8]
	at org.apache.cxf.phase.PhaseInterceptorChain.doIntercept(PhaseInterceptorChain.java:272) ~[cxf-api-2.7.8.jar:2.7.8]
	at org.apache.cxf.endpoint.ClientImpl.onMessage(ClientImpl.java:835) ~[cxf-api-2.7.8.jar:2.7.8]
	at org.apache.cxf.transport.http.HTTPConduit$WrappedOutputStream.handleResponseInternal(HTTPConduit.java:1612) ~[cxf-rt-transports-http-2.7.8.jar:2.7.8]
	at org.apache.cxf.transport.http.HTTPConduit$WrappedOutputStream.handleResponse(HTTPConduit.java:1503) ~[cxf-rt-transports-http-2.7.8.jar:2.7.8]
	at org.apache.cxf.transport.http.HTTPConduit$WrappedOutputStream.close(HTTPConduit.java:1310) ~[cxf-rt-transports-http-2.7.8.jar:2.7.8]
	at org.apache.cxf.transport.AbstractConduit.close(AbstractConduit.java:56) ~[cxf-api-2.7.8.jar:2.7.8]
	at org.apache.cxf.transport.http.HTTPConduit.close(HTTPConduit.java:628) ~[cxf-rt-transports-http-2.7.8.jar:2.7.8]
	at org.apache.cxf.interceptor.MessageSenderInterceptor$MessageSenderEndingInterceptor.handleMessage(MessageSenderInterceptor.java:62) ~[cxf-api-2.7.8.jar:2.7.8]
	at org.apache.cxf.phase.PhaseInterceptorChain.doIntercept(PhaseInterceptorChain.java:272) ~[cxf-api-2.7.8.jar:2.7.8]
	at org.apache.cxf.endpoint.ClientImpl.doInvoke(ClientImpl.java:565) ~[cxf-api-2.7.8.jar:2.7.8]
	at org.apache.cxf.endpoint.ClientImpl.invoke(ClientImpl.java:474) ~[cxf-api-2.7.8.jar:2.7.8]
	at org.apache.cxf.endpoint.ClientImpl.invoke(ClientImpl.java:377) ~[cxf-api-2.7.8.jar:2.7.8]
	at org.apache.cxf.endpoint.ClientImpl.invoke(ClientImpl.java:330) ~[cxf-api-2.7.8.jar:2.7.8]
	at org.apache.cxf.frontend.ClientProxy.invokeSync(ClientProxy.java:96) ~[cxf-rt-frontend-simple-2.7.8.jar:2.7.8]
	at org.apache.cxf.jaxws.JaxWsClientProxy.invoke(JaxWsClientProxy.java:135) ~[cxf-rt-frontend-jaxws-2.7.8.jar:2.7.8]
	at com.sun.proxy.$Proxy277.getUser(Unknown Source) ~[?:?]
	at com.ihg.growth.services.hotel.services.impl.UserSearchImpl.getUser(UserSearchImpl.java:61) ~[growthServices-client-1.1.jar:?]
	at com.ihg.naming.service.growth.GrowthUserSearchFallbackImpl.getUser(GrowthUserSearchFallbackImpl.java:29) [naming-service-9.46.5.jar:?]
	at com.ihg.naming.service.growth.GrowthUserSearchImpl.getUser(GrowthUserSearchImpl.java:40) [naming-service-9.46.5.jar:?]
	at com.ihg.naming.web.SecurityController.handleRequestInternal(SecurityController.java:38) [SecurityController.class:?]
	at org.springframework.web.servlet.mvc.AbstractController.handleRequest(AbstractController.java:154) [spring-webmvc-4.0.7.RELEASE.jar:4.0.7.RELEASE]
	at org.springframework.web.servlet.mvc.SimpleControllerHandlerAdapter.handle(SimpleControllerHandlerAdapter.java:50) [spring-webmvc-4.0.7.RELEASE.jar:4.0.7.RELEASE]
	at org.springframework.web.servlet.DispatcherServlet.doDispatch(DispatcherServlet.java:938) [spring-webmvc-4.0.7.RELEASE.jar:4.0.7.RELEASE]
	at org.springframework.web.servlet.DispatcherServlet.doService(DispatcherServlet.java:870) [spring-webmvc-4.0.7.RELEASE.jar:4.0.7.RELEASE]
	at org.springframework.web.servlet.FrameworkServlet.processRequest(FrameworkServlet.java:961) [spring-webmvc-4.0.7.RELEASE.jar:4.0.7.RELEASE]
	at org.springframework.web.servlet.FrameworkServlet.doGet(FrameworkServlet.java:852) [spring-webmvc-4.0.7.RELEASE.jar:4.0.7.RELEASE]
	at javax.servlet.http.HttpServlet.service(HttpServlet.java:621) [servlet-api.jar:?]
	at org.springframework.web.servlet.FrameworkServlet.service(FrameworkServlet.java:837) [spring-webmvc-4.0.7.RELEASE.jar:4.0.7.RELEASE]
	at javax.servlet.http.HttpServlet.service(HttpServlet.java:728) [servlet-api.jar:?]
	at org.apache.catalina.core.ApplicationFilterChain.internalDoFilter(ApplicationFilterChain.java:305) [catalina.jar:7.0.42.A]
	at org.apache.catalina.core.ApplicationFilterChain.doFilter(ApplicationFilterChain.java:210) [catalina.jar:7.0.42.A]
	at org.apache.catalina.core.StandardWrapperValve.invoke(StandardWrapperValve.java:222) [catalina.jar:7.0.42.A]
	at org.apache.catalina.core.StandardContextValve.invoke(StandardContextValve.java:123) [catalina.jar:7.0.42.A]
	at org.apache.catalina.authenticator.AuthenticatorBase.invoke(AuthenticatorBase.java:502) [catalina.jar:7.0.42.A]
	at org.apache.catalina.core.StandardHostValve.invoke(StandardHostValve.java:171) [catalina.jar:7.0.42.A]
	at org.apache.catalina.valves.ErrorReportValve.invoke(ErrorReportValve.java:99) [catalina.jar:7.0.42.A]
	at org.apache.catalina.valves.AccessLogValve.invoke(AccessLogValve.java:953) [catalina.jar:7.0.42.A]
	at org.apache.catalina.core.StandardEngineValve.invoke(StandardEngineValve.java:118) [catalina.jar:7.0.42.A]
	at org.apache.catalina.connector.CoyoteAdapter.service(CoyoteAdapter.java:408) [catalina.jar:7.0.42.A]
	at org.apache.coyote.http11.AbstractHttp11Processor.process(AbstractHttp11Processor.java:1023) [tomcat-coyote.jar:7.0.42.A]
	at org.apache.coyote.AbstractProtocol$AbstractConnectionHandler.process(AbstractProtocol.java:589) [tomcat-coyote.jar:7.0.42.A]
	at org.apache.tomcat.util.net.JIoEndpoint$SocketProcessor.run(JIoEndpoint.java:310) [tomcat-coyote.jar:7.0.42.A]
	at java.util.concurrent.ThreadPoolExecutor.runWorker(ThreadPoolExecutor.java:1142) [?:1.8.0_40]
	at java.util.concurrent.ThreadPoolExecutor$Worker.run(ThreadPoolExecutor.java:617) [?:1.8.0_40]
	at java.lang.Thread.run(Thread.java:745) [?:1.8.0_40]
tomcat-http--15      2016-01-06 13:36:21,265 ERROR [com.ihg.naming.service.growth.GrowthUserSearchFallbackImpl] Error retrieving growth user from growth REST
com.ihg.growth.services.hotel.services.HotelException: org.springframework.jdbc.CannotGetJdbcConnectionException: Could not get JDBC Connection; nested exception is org.apache.tomcat.jdbc.pool.PoolExhaustedException: [tomcat-http--72] Timeout: Pool empty. Unable to fetch a connection in 30 seconds, none available[size:20; busy:0; idle:0; lastwait:30000].
	at sun.reflect.NativeConstructorAccessorImpl.newInstance0(Native Method) ~[?:1.8.0_40]
	at sun.reflect.NativeConstructorAccessorImpl.newInstance(NativeConstructorAccessorImpl.java:62) ~[?:1.8.0_40]
	at sun.reflect.DelegatingConstructorAccessorImpl.newInstance(DelegatingConstructorAccessorImpl.java:45) ~[?:1.8.0_40]
	at java.lang.reflect.Constructor.newInstance(Constructor.java:422) ~[?:1.8.0_40]
	at org.apache.cxf.interceptor.ClientFaultConverter.processFaultDetail(ClientFaultConverter.java:176) ~[cxf-api-2.7.8.jar:2.7.8]
	at org.apache.cxf.interceptor.ClientFaultConverter.handleMessage(ClientFaultConverter.java:79) ~[cxf-api-2.7.8.jar:2.7.8]
	at org.apache.cxf.phase.PhaseInterceptorChain.doIntercept(PhaseInterceptorChain.java:272) ~[cxf-api-2.7.8.jar:2.7.8]
	at org.apache.cxf.interceptor.AbstractFaultChainInitiatorObserver.onMessage(AbstractFaultChainInitiatorObserver.java:113) ~[cxf-api-2.7.8.jar:2.7.8]
	at org.apache.cxf.binding.soap.interceptor.CheckFaultInterceptor.handleMessage(CheckFaultInterceptor.java:69) ~[cxf-rt-bindings-soap-2.7.8.jar:2.7.8]
	at org.apache.cxf.binding.soap.interceptor.CheckFaultInterceptor.handleMessage(CheckFaultInterceptor.java:34) ~[cxf-rt-bindings-soap-2.7.8.jar:2.7.8]
	at org.apache.cxf.phase.PhaseInterceptorChain.doIntercept(PhaseInterceptorChain.java:272) ~[cxf-api-2.7.8.jar:2.7.8]
	at org.apache.cxf.endpoint.ClientImpl.onMessage(ClientImpl.java:835) ~[cxf-api-2.7.8.jar:2.7.8]
	at org.apache.cxf.transport.http.HTTPConduit$WrappedOutputStream.handleResponseInternal(HTTPConduit.java:1612) ~[cxf-rt-transports-http-2.7.8.jar:2.7.8]
	at org.apache.cxf.transport.http.HTTPConduit$WrappedOutputStream.handleResponse(HTTPConduit.java:1503) ~[cxf-rt-transports-http-2.7.8.jar:2.7.8]
	at org.apache.cxf.transport.http.HTTPConduit$WrappedOutputStream.close(HTTPConduit.java:1310) ~[cxf-rt-transports-http-2.7.8.jar:2.7.8]
	at org.apache.cxf.transport.AbstractConduit.close(AbstractConduit.java:56) ~[cxf-api-2.7.8.jar:2.7.8]
	at org.apache.cxf.transport.http.HTTPConduit.close(HTTPConduit.java:628) ~[cxf-rt-transports-http-2.7.8.jar:2.7.8]
	at org.apache.cxf.interceptor.MessageSenderInterceptor$MessageSenderEndingInterceptor.handleMessage(MessageSenderInterceptor.java:62) ~[cxf-api-2.7.8.jar:2.7.8]
	at org.apache.cxf.phase.PhaseInterceptorChain.doIntercept(PhaseInterceptorChain.java:272) ~[cxf-api-2.7.8.jar:2.7.8]
	at org.apache.cxf.endpoint.ClientImpl.doInvoke(ClientImpl.java:565) ~[cxf-api-2.7.8.jar:2.7.8]
	at org.apache.cxf.endpoint.ClientImpl.invoke(ClientImpl.java:474) ~[cxf-api-2.7.8.jar:2.7.8]
	at org.apache.cxf.endpoint.ClientImpl.invoke(ClientImpl.java:377) ~[cxf-api-2.7.8.jar:2.7.8]
	at org.apache.cxf.endpoint.ClientImpl.invoke(ClientImpl.java:330) ~[cxf-api-2.7.8.jar:2.7.8]
	at org.apache.cxf.frontend.ClientProxy.invokeSync(ClientProxy.java:96) ~[cxf-rt-frontend-simple-2.7.8.jar:2.7.8]
	at org.apache.cxf.jaxws.JaxWsClientProxy.invoke(JaxWsClientProxy.java:135) ~[cxf-rt-frontend-jaxws-2.7.8.jar:2.7.8]
	at com.sun.proxy.$Proxy277.getUser(Unknown Source) ~[?:?]
	at com.ihg.growth.services.hotel.services.impl.UserSearchImpl.getUser(UserSearchImpl.java:61) ~[growthServices-client-1.1.jar:?]
	at com.ihg.naming.service.growth.GrowthUserSearchFallbackImpl.getUser(GrowthUserSearchFallbackImpl.java:29) [naming-service-9.46.5.jar:?]
	at com.ihg.naming.service.growth.GrowthUserSearchImpl.getUser(GrowthUserSearchImpl.java:40) [naming-service-9.46.5.jar:?]
	at com.ihg.naming.web.SecurityController.handleRequestInternal(SecurityController.java:38) [SecurityController.class:?]
	at org.springframework.web.servlet.mvc.AbstractController.handleRequest(AbstractController.java:154) [spring-webmvc-4.0.7.RELEASE.jar:4.0.7.RELEASE]
	at org.springframework.web.servlet.mvc.SimpleControllerHandlerAdapter.handle(SimpleControllerHandlerAdapter.java:50) [spring-webmvc-4.0.7.RELEASE.jar:4.0.7.RELEASE]
	at org.springframework.web.servlet.DispatcherServlet.doDispatch(DispatcherServlet.java:938) [spring-webmvc-4.0.7.RELEASE.jar:4.0.7.RELEASE]
	at org.springframework.web.servlet.DispatcherServlet.doService(DispatcherServlet.java:870) [spring-webmvc-4.0.7.RELEASE.jar:4.0.7.RELEASE]
	at org.springframework.web.servlet.FrameworkServlet.processRequest(FrameworkServlet.java:961) [spring-webmvc-4.0.7.RELEASE.jar:4.0.7.RELEASE]
	at org.springframework.web.servlet.FrameworkServlet.doGet(FrameworkServlet.java:852) [spring-webmvc-4.0.7.RELEASE.jar:4.0.7.RELEASE]
	at javax.servlet.http.HttpServlet.service(HttpServlet.java:621) [servlet-api.jar:?]
	at org.springframework.web.servlet.FrameworkServlet.service(FrameworkServlet.java:837) [spring-webmvc-4.0.7.RELEASE.jar:4.0.7.RELEASE]
	at javax.servlet.http.HttpServlet.service(HttpServlet.java:728) [servlet-api.jar:?]
	at org.apache.catalina.core.ApplicationFilterChain.internalDoFilter(ApplicationFilterChain.java:305) [catalina.jar:7.0.42.A]
	at org.apache.catalina.core.ApplicationFilterChain.doFilter(ApplicationFilterChain.java:210) [catalina.jar:7.0.42.A]
	at org.apache.catalina.core.StandardWrapperValve.invoke(StandardWrapperValve.java:222) [catalina.jar:7.0.42.A]
	at org.apache.catalina.core.StandardContextValve.invoke(StandardContextValve.java:123) [catalina.jar:7.0.42.A]
	at org.apache.catalina.authenticator.AuthenticatorBase.invoke(AuthenticatorBase.java:502) [catalina.jar:7.0.42.A]
	at org.apache.catalina.core.StandardHostValve.invoke(StandardHostValve.java:171) [catalina.jar:7.0.42.A]
	at org.apache.catalina.valves.ErrorReportValve.invoke(ErrorReportValve.java:99) [catalina.jar:7.0.42.A]
	at org.apache.catalina.valves.AccessLogValve.invoke(AccessLogValve.java:953) [catalina.jar:7.0.42.A]
	at org.apache.catalina.core.StandardEngineValve.invoke(StandardEngineValve.java:118) [catalina.jar:7.0.42.A]
	at org.apache.catalina.connector.CoyoteAdapter.service(CoyoteAdapter.java:408) [catalina.jar:7.0.42.A]
	at org.apache.coyote.http11.AbstractHttp11Processor.process(AbstractHttp11Processor.java:1023) [tomcat-coyote.jar:7.0.42.A]
	at org.apache.coyote.AbstractProtocol$AbstractConnectionHandler.process(AbstractProtocol.java:589) [tomcat-coyote.jar:7.0.42.A]
	at org.apache.tomcat.util.net.JIoEndpoint$SocketProcessor.run(JIoEndpoint.java:310) [tomcat-coyote.jar:7.0.42.A]
	at java.util.concurrent.ThreadPoolExecutor.runWorker(ThreadPoolExecutor.java:1142) [?:1.8.0_40]
	at java.util.concurrent.ThreadPoolExecutor$Worker.run(ThreadPoolExecutor.java:617) [?:1.8.0_40]
	at java.lang.Thread.run(Thread.java:745) [?:1.8.0_40]
tomcat-http--7       2016-01-06 13:36:21,335 ERROR [com.ihg.naming.service.growth.GrowthUserSearchFallbackImpl] Error retrieving growth user from growth REST
com.ihg.growth.services.hotel.services.HotelException: org.springframework.jdbc.CannotGetJdbcConnectionException: Could not get JDBC Connection; nested exception is org.apache.tomcat.jdbc.pool.PoolExhaustedException: [tomcat-http--6] Timeout: Pool empty. Unable to fetch a connection in 30 seconds, none available[size:20; busy:0; idle:0; lastwait:30000].
	at sun.reflect.NativeConstructorAccessorImpl.newInstance0(Native Method) ~[?:1.8.0_40]
	at sun.reflect.NativeConstructorAccessorImpl.newInstance(NativeConstructorAccessorImpl.java:62) ~[?:1.8.0_40]
	at sun.reflect.DelegatingConstructorAccessorImpl.newInstance(DelegatingConstructorAccessorImpl.java:45) ~[?:1.8.0_40]
	at java.lang.reflect.Constructor.newInstance(Constructor.java:422) ~[?:1.8.0_40]
	at org.apache.cxf.interceptor.ClientFaultConverter.processFaultDetail(ClientFaultConverter.java:176) ~[cxf-api-2.7.8.jar:2.7.8]
	at org.apache.cxf.interceptor.ClientFaultConverter.handleMessage(ClientFaultConverter.java:79) ~[cxf-api-2.7.8.jar:2.7.8]
	at org.apache.cxf.phase.PhaseInterceptorChain.doIntercept(PhaseInterceptorChain.java:272) ~[cxf-api-2.7.8.jar:2.7.8]
	at org.apache.cxf.interceptor.AbstractFaultChainInitiatorObserver.onMessage(AbstractFaultChainInitiatorObserver.java:113) ~[cxf-api-2.7.8.jar:2.7.8]
	at org.apache.cxf.binding.soap.interceptor.CheckFaultInterceptor.handleMessage(CheckFaultInterceptor.java:69) ~[cxf-rt-bindings-soap-2.7.8.jar:2.7.8]
	at org.apache.cxf.binding.soap.interceptor.CheckFaultInterceptor.handleMessage(CheckFaultInterceptor.java:34) ~[cxf-rt-bindings-soap-2.7.8.jar:2.7.8]
	at org.apache.cxf.phase.PhaseInterceptorChain.doIntercept(PhaseInterceptorChain.java:272) ~[cxf-api-2.7.8.jar:2.7.8]
	at org.apache.cxf.endpoint.ClientImpl.onMessage(ClientImpl.java:835) ~[cxf-api-2.7.8.jar:2.7.8]
	at org.apache.cxf.transport.http.HTTPConduit$WrappedOutputStream.handleResponseInternal(HTTPConduit.java:1612) ~[cxf-rt-transports-http-2.7.8.jar:2.7.8]
	at org.apache.cxf.transport.http.HTTPConduit$WrappedOutputStream.handleResponse(HTTPConduit.java:1503) ~[cxf-rt-transports-http-2.7.8.jar:2.7.8]
	at org.apache.cxf.transport.http.HTTPConduit$WrappedOutputStream.close(HTTPConduit.java:1310) ~[cxf-rt-transports-http-2.7.8.jar:2.7.8]
	at org.apache.cxf.transport.AbstractConduit.close(AbstractConduit.java:56) ~[cxf-api-2.7.8.jar:2.7.8]
	at org.apache.cxf.transport.http.HTTPConduit.close(HTTPConduit.java:628) ~[cxf-rt-transports-http-2.7.8.jar:2.7.8]
	at org.apache.cxf.interceptor.MessageSenderInterceptor$MessageSenderEndingInterceptor.handleMessage(MessageSenderInterceptor.java:62) ~[cxf-api-2.7.8.jar:2.7.8]
	at org.apache.cxf.phase.PhaseInterceptorChain.doIntercept(PhaseInterceptorChain.java:272) ~[cxf-api-2.7.8.jar:2.7.8]
	at org.apache.cxf.endpoint.ClientImpl.doInvoke(ClientImpl.java:565) ~[cxf-api-2.7.8.jar:2.7.8]
	at org.apache.cxf.endpoint.ClientImpl.invoke(ClientImpl.java:474) ~[cxf-api-2.7.8.jar:2.7.8]
	at org.apache.cxf.endpoint.ClientImpl.invoke(ClientImpl.java:377) ~[cxf-api-2.7.8.jar:2.7.8]
	at org.apache.cxf.endpoint.ClientImpl.invoke(ClientImpl.java:330) ~[cxf-api-2.7.8.jar:2.7.8]
	at org.apache.cxf.frontend.ClientProxy.invokeSync(ClientProxy.java:96) ~[cxf-rt-frontend-simple-2.7.8.jar:2.7.8]
	at org.apache.cxf.jaxws.JaxWsClientProxy.invoke(JaxWsClientProxy.java:135) ~[cxf-rt-frontend-jaxws-2.7.8.jar:2.7.8]
	at com.sun.proxy.$Proxy277.getUser(Unknown Source) ~[?:?]
	at com.ihg.growth.services.hotel.services.impl.UserSearchImpl.getUser(UserSearchImpl.java:61) ~[growthServices-client-1.1.jar:?]
	at com.ihg.naming.service.growth.GrowthUserSearchFallbackImpl.getUser(GrowthUserSearchFallbackImpl.java:29) [naming-service-9.46.5.jar:?]
	at com.ihg.naming.service.growth.GrowthUserSearchImpl.getUser(GrowthUserSearchImpl.java:40) [naming-service-9.46.5.jar:?]
	at com.ihg.naming.web.SecurityController.handleRequestInternal(SecurityController.java:38) [SecurityController.class:?]
	at org.springframework.web.servlet.mvc.AbstractController.handleRequest(AbstractController.java:154) [spring-webmvc-4.0.7.RELEASE.jar:4.0.7.RELEASE]
	at org.springframework.web.servlet.mvc.SimpleControllerHandlerAdapter.handle(SimpleControllerHandlerAdapter.java:50) [spring-webmvc-4.0.7.RELEASE.jar:4.0.7.RELEASE]
	at org.springframework.web.servlet.DispatcherServlet.doDispatch(DispatcherServlet.java:938) [spring-webmvc-4.0.7.RELEASE.jar:4.0.7.RELEASE]
	at org.springframework.web.servlet.DispatcherServlet.doService(DispatcherServlet.java:870) [spring-webmvc-4.0.7.RELEASE.jar:4.0.7.RELEASE]
	at org.springframework.web.servlet.FrameworkServlet.processRequest(FrameworkServlet.java:961) [spring-webmvc-4.0.7.RELEASE.jar:4.0.7.RELEASE]
	at org.springframework.web.servlet.FrameworkServlet.doGet(FrameworkServlet.java:852) [spring-webmvc-4.0.7.RELEASE.jar:4.0.7.RELEASE]
	at javax.servlet.http.HttpServlet.service(HttpServlet.java:621) [servlet-api.jar:?]
	at org.springframework.web.servlet.FrameworkServlet.service(FrameworkServlet.java:837) [spring-webmvc-4.0.7.RELEASE.jar:4.0.7.RELEASE]
	at javax.servlet.http.HttpServlet.service(HttpServlet.java:728) [servlet-api.jar:?]
	at org.apache.catalina.core.ApplicationFilterChain.internalDoFilter(ApplicationFilterChain.java:305) [catalina.jar:7.0.42.A]
	at org.apache.catalina.core.ApplicationFilterChain.doFilter(ApplicationFilterChain.java:210) [catalina.jar:7.0.42.A]
	at org.apache.catalina.core.StandardWrapperValve.invoke(StandardWrapperValve.java:222) [catalina.jar:7.0.42.A]
	at org.apache.catalina.core.StandardContextValve.invoke(StandardContextValve.java:123) [catalina.jar:7.0.42.A]
	at org.apache.catalina.authenticator.AuthenticatorBase.invoke(AuthenticatorBase.java:502) [catalina.jar:7.0.42.A]
	at org.apache.catalina.core.StandardHostValve.invoke(StandardHostValve.java:171) [catalina.jar:7.0.42.A]
	at org.apache.catalina.valves.ErrorReportValve.invoke(ErrorReportValve.java:99) [catalina.jar:7.0.42.A]
	at org.apache.catalina.valves.AccessLogValve.invoke(AccessLogValve.java:953) [catalina.jar:7.0.42.A]
	at org.apache.catalina.core.StandardEngineValve.invoke(StandardEngineValve.java:118) [catalina.jar:7.0.42.A]
	at org.apache.catalina.connector.CoyoteAdapter.service(CoyoteAdapter.java:408) [catalina.jar:7.0.42.A]
	at org.apache.coyote.http11.AbstractHttp11Processor.process(AbstractHttp11Processor.java:1023) [tomcat-coyote.jar:7.0.42.A]
	at org.apache.coyote.AbstractProtocol$AbstractConnectionHandler.process(AbstractProtocol.java:589) [tomcat-coyote.jar:7.0.42.A]
	at org.apache.tomcat.util.net.JIoEndpoint$SocketProcessor.run(JIoEndpoint.java:310) [tomcat-coyote.jar:7.0.42.A]
	at java.util.concurrent.ThreadPoolExecutor.runWorker(ThreadPoolExecutor.java:1142) [?:1.8.0_40]
	at java.util.concurrent.ThreadPoolExecutor$Worker.run(ThreadPoolExecutor.java:617) [?:1.8.0_40]
	at java.lang.Thread.run(Thread.java:745) [?:1.8.0_40]
